===== Training Start =====
Device: cuda
Batch Size: 64, LR: 0.001, Epochs: 10
Input: ./dataset/Dark-ImageNet-subset-v2/naive-0.1
Epoch 1/10
  Train Loss: 7.3096  Acc: 0.0134
  Val   Loss: 5.9072  Acc: 0.0747
  Time: 1m 5s
Epoch 2/10
  Train Loss: 5.4247  Acc: 0.1037
  Val   Loss: 5.0054  Acc: 0.1383
  Time: 1m 4s
Epoch 3/10
  Train Loss: 4.4807  Acc: 0.1997
  Val   Loss: 4.5180  Acc: 0.1865
  Time: 1m 5s
Epoch 4/10
  Train Loss: 3.8910  Acc: 0.2773
  Val   Loss: 4.1854  Acc: 0.2310
  Time: 1m 5s
Epoch 5/10
  Train Loss: 3.4567  Acc: 0.3325
  Val   Loss: 3.9871  Acc: 0.2527
  Time: 1m 5s
Epoch 6/10
  Train Loss: 3.1248  Acc: 0.3735
  Val   Loss: 3.9563  Acc: 0.2507
  Time: 1m 5s
Epoch 7/10
  Train Loss: 2.9322  Acc: 0.4027
  Val   Loss: 3.9590  Acc: 0.2565
  Time: 1m 5s
Epoch 8/10
  Train Loss: 2.3112  Acc: 0.5412
  Val   Loss: 3.3251  Acc: 0.3337
  Time: 1m 5s
Epoch 9/10
  Train Loss: 2.1813  Acc: 0.5787
  Val   Loss: 3.3347  Acc: 0.3345
  Time: 1m 5s
Epoch 10/10
  Train Loss: 2.1345  Acc: 0.5871
  Val   Loss: 3.3011  Acc: 0.3367
  Time: 1m 5s
===== Training Start =====
Device: cuda
Batch Size: 64, LR: 0.001, Epochs: 30
Input: ./dataset/Dark-ImageNet-subset-v2/naive-0.1, ./dataset/Dark-ImageNet-subset-v2-edge/rcf/naive-0.1
Epoch 1/30
  Train Loss: 7.2646  Acc: 0.0132
  Val   Loss: 5.9069  Acc: 0.0638
  Time: 1m 5s
Epoch 2/30
  Train Loss: 5.4005  Acc: 0.1044
  Val   Loss: 4.9132  Acc: 0.1557
  Time: 1m 5s
Epoch 3/30
  Train Loss: 4.4630  Acc: 0.1995
  Val   Loss: 4.4509  Acc: 0.1955
  Time: 1m 5s
Epoch 4/30
  Train Loss: 3.8716  Acc: 0.2681
  Val   Loss: 4.1507  Acc: 0.2215
  Time: 1m 4s
Epoch 5/30
  Train Loss: 3.4595  Acc: 0.3310
  Val   Loss: 4.0454  Acc: 0.2377
  Time: 1m 5s
Epoch 6/30
  Train Loss: 3.1407  Acc: 0.3765
  Val   Loss: 3.9279  Acc: 0.2585
  Time: 1m 5s
Epoch 7/30
  Train Loss: 2.9245  Acc: 0.4055
  Val   Loss: 3.8480  Acc: 0.2685
  Time: 1m 5s
Epoch 8/30
  Train Loss: 2.2874  Acc: 0.5458
  Val   Loss: 3.3444  Acc: 0.3345
  Time: 1m 5s
Epoch 9/30
  Train Loss: 2.1460  Acc: 0.5860
  Val   Loss: 3.2748  Acc: 0.3422
  Time: 1m 5s
Epoch 10/30
  Train Loss: 2.1391  Acc: 0.5852
  Val   Loss: 3.3031  Acc: 0.3387
  Time: 1m 5s
Epoch 11/30
  Train Loss: 2.1434  Acc: 0.5837
  Val   Loss: 3.2797  Acc: 0.3382
  Time: 1m 5s
Epoch 12/30
  Train Loss: 2.0849  Acc: 0.5967
  Val   Loss: 3.2859  Acc: 0.3402
  Time: 1m 5s
Epoch 13/30
  Train Loss: 2.0897  Acc: 0.5972
  Val   Loss: 3.3179  Acc: 0.3347
  Time: 1m 5s
Epoch 14/30
  Train Loss: 2.0575  Acc: 0.6059
  Val   Loss: 3.2764  Acc: 0.3415
  Time: 1m 5s
Epoch 15/30
  Train Loss: 2.0188  Acc: 0.6136
  Val   Loss: 3.2842  Acc: 0.3420
  Time: 1m 5s
Epoch 16/30
  Train Loss: 2.0066  Acc: 0.6158
  Val   Loss: 3.2739  Acc: 0.3432
  Time: 1m 5s
Epoch 17/30
  Train Loss: 1.9879  Acc: 0.6221
  Val   Loss: 3.2325  Acc: 0.3458
  Time: 1m 5s
Epoch 18/30
  Train Loss: 1.9764  Acc: 0.6242
  Val   Loss: 3.2849  Acc: 0.3397
  Time: 1m 5s
Epoch 19/30
  Train Loss: 1.9992  Acc: 0.6172
  Val   Loss: 3.2619  Acc: 0.3422
  Time: 1m 5s
Epoch 20/30
  Train Loss: 1.9873  Acc: 0.6220
  Val   Loss: 3.2950  Acc: 0.3382
  Time: 1m 5s
Epoch 21/30
  Train Loss: 1.9744  Acc: 0.6292
  Val   Loss: 3.2698  Acc: 0.3422
  Time: 1m 5s
Epoch 22/30
  Train Loss: 1.9597  Acc: 0.6267
  Val   Loss: 3.2952  Acc: 0.3400
  Time: 1m 5s
Epoch 23/30
  Train Loss: 1.9583  Acc: 0.6264
  Val   Loss: 3.2615  Acc: 0.3432
  Time: 1m 5s
Epoch 24/30
  Train Loss: 1.9835  Acc: 0.6209
  Val   Loss: 3.2743  Acc: 0.3402
  Time: 1m 5s
Epoch 25/30
  Train Loss: 1.9711  Acc: 0.6278
  Val   Loss: 3.2543  Acc: 0.3422
  Time: 1m 5s
Epoch 26/30
  Train Loss: 1.9453  Acc: 0.6272
  Val   Loss: 3.2409  Acc: 0.3468
  Time: 1m 5s
Epoch 27/30
  Train Loss: 1.9816  Acc: 0.6219
  Val   Loss: 3.2751  Acc: 0.3432
  Time: 1m 5s
Epoch 28/30
  Train Loss: 1.9740  Acc: 0.6243
  Val   Loss: 3.2666  Acc: 0.3415
  Time: 1m 5s
Epoch 29/30
  Train Loss: 1.9852  Acc: 0.6230
  Val   Loss: 3.2812  Acc: 0.3420
  Time: 1m 5s
Epoch 30/30
  Train Loss: 1.9848  Acc: 0.6198
  Val   Loss: 3.2248  Acc: 0.3478
  Time: 1m 5s
===== Training Start =====
Device: cuda
Batch Size: 64, LR: 0.001, Epochs: 30
Input: ./dataset/Dark-ImageNet-subset-v2/naive-0.1, ./dataset/Dark-ImageNet-subset-v2-edge/rcf/naive-0.1
Epoch 1/30
  Train Loss: 7.2974  Acc: 0.0122
  Val   Loss: 5.9031  Acc: 0.0602
  Time: 1m 5s
Epoch 2/30
  Train Loss: 5.4120  Acc: 0.1056
  Val   Loss: 5.0357  Acc: 0.1430
  Time: 1m 4s
Epoch 3/30
  Train Loss: 4.4799  Acc: 0.2057
  Val   Loss: 4.4639  Acc: 0.1980
  Time: 1m 5s
Epoch 4/30
  Train Loss: 3.8495  Acc: 0.2777
  Val   Loss: 4.1494  Acc: 0.2253
  Time: 1m 5s
Epoch 5/30
  Train Loss: 3.4454  Acc: 0.3298
  Val   Loss: 4.0095  Acc: 0.2495
  Time: 1m 5s
Epoch 6/30
  Train Loss: 3.1172  Acc: 0.3723
  Val   Loss: 3.9227  Acc: 0.2545
  Time: 1m 5s
Epoch 7/30
  Train Loss: 2.9583  Acc: 0.4008
  Val   Loss: 3.9387  Acc: 0.2635
  Time: 1m 5s
Epoch 8/30
  Train Loss: 2.2885  Acc: 0.5466
  Val   Loss: 3.3369  Acc: 0.3420
  Time: 1m 5s
Epoch 9/30
  Train Loss: 2.1663  Acc: 0.5849
  Val   Loss: 3.3055  Acc: 0.3495
  Time: 1m 5s
Epoch 10/30
  Train Loss: 2.1167  Acc: 0.5927
  Val   Loss: 3.2791  Acc: 0.3500
  Time: 1m 5s
Epoch 11/30
  Train Loss: 2.1205  Acc: 0.5857
  Val   Loss: 3.2964  Acc: 0.3465
  Time: 1m 5s
Epoch 12/30
  Train Loss: 2.0980  Acc: 0.5906
  Val   Loss: 3.3053  Acc: 0.3470
  Time: 1m 5s
Epoch 13/30
  Train Loss: 2.1141  Acc: 0.5896
  Val   Loss: 3.2813  Acc: 0.3460
  Time: 1m 5s
Epoch 14/30
  Train Loss: 2.0656  Acc: 0.5992
  Val   Loss: 3.3015  Acc: 0.3432
  Time: 1m 5s
Epoch 15/30
  Train Loss: 2.0072  Acc: 0.6137
  Val   Loss: 3.2803  Acc: 0.3475
  Time: 1m 5s
Epoch 16/30
  Train Loss: 1.9669  Acc: 0.6232
  Val   Loss: 3.2607  Acc: 0.3510
  Time: 1m 5s
Epoch 17/30
  Train Loss: 1.9963  Acc: 0.6149
  Val   Loss: 3.2845  Acc: 0.3498
  Time: 1m 5s
Epoch 18/30
  Train Loss: 1.9729  Acc: 0.6301
  Val   Loss: 3.2792  Acc: 0.3523
  Time: 1m 5s
Epoch 19/30
  Train Loss: 1.9872  Acc: 0.6185
  Val   Loss: 3.2704  Acc: 0.3513
  Time: 1m 5s
Epoch 20/30
  Train Loss: 1.9464  Acc: 0.6283
  Val   Loss: 3.2451  Acc: 0.3523
  Time: 1m 5s
Epoch 21/30
  Train Loss: 1.9614  Acc: 0.6225
  Val   Loss: 3.2736  Acc: 0.3520
  Time: 1m 5s
Epoch 22/30
  Train Loss: 1.9843  Acc: 0.6212
  Val   Loss: 3.2366  Acc: 0.3550
  Time: 1m 5s
Epoch 23/30
  Train Loss: 1.9757  Acc: 0.6222
  Val   Loss: 3.2844  Acc: 0.3453
  Time: 1m 5s
Epoch 24/30
  Train Loss: 1.9793  Acc: 0.6222
  Val   Loss: 3.2696  Acc: 0.3518
  Time: 1m 5s
Epoch 25/30
  Train Loss: 1.9646  Acc: 0.6224
  Val   Loss: 3.2480  Acc: 0.3538
  Time: 1m 5s
Epoch 26/30
  Train Loss: 1.9547  Acc: 0.6264
  Val   Loss: 3.2363  Acc: 0.3555
  Time: 1m 5s
Epoch 27/30


===== Training Start =====
Device: cuda
Batch Size: 64, LR: 0.001, Epochs: 20
Input: ./dataset/Dark-ImageNet-subset-v2/naive-0.1, ./dataset/Dark-ImageNet-subset-v2-edge/rcf/naive-0.1
Epoch 1/20
  Train Loss: 7.2649  Acc: 0.0133
  Val   Loss: 5.9144  Acc: 0.0678
  Time: 0m 49s
Epoch 2/20
  Train Loss: 5.4181  Acc: 0.1034
  Val   Loss: 4.9880  Acc: 0.1400
  Time: 0m 47s
Epoch 3/20
  Train Loss: 4.4411  Acc: 0.2027
  Val   Loss: 4.4588  Acc: 0.1910
  Time: 0m 47s
Epoch 4/20
  Train Loss: 3.8934  Acc: 0.2727
  Val   Loss: 4.1976  Acc: 0.2263
  Time: 0m 47s
Epoch 5/20
  Train Loss: 3.4484  Acc: 0.3297
  Val   Loss: 4.0635  Acc: 0.2417
  Time: 0m 47s
Epoch 6/20
  Train Loss: 3.1310  Acc: 0.3770
  Val   Loss: 3.9395  Acc: 0.2535
  Time: 0m 47s
Epoch 7/20
  Train Loss: 2.9245  Acc: 0.4071
  Val   Loss: 3.9086  Acc: 0.2680
  Time: 0m 47s
Epoch 8/20
  Train Loss: 2.2960  Acc: 0.5472
  Val   Loss: 3.3062  Acc: 0.3322
  Time: 0m 47s
Epoch 9/20
  Train Loss: 2.1538  Acc: 0.5815
  Val   Loss: 3.3039  Acc: 0.3300
  Time: 0m 47s
Epoch 10/20
  Train Loss: 2.1364  Acc: 0.5832
  Val   Loss: 3.2930  Acc: 0.3332
  Time: 0m 47s
Epoch 11/20
  Train Loss: 2.1166  Acc: 0.5893
  Val   Loss: 3.3099  Acc: 0.3335
  Time: 0m 47s
Epoch 12/20
  Train Loss: 2.0990  Acc: 0.5921
  Val   Loss: 3.2907  Acc: 0.3392
  Time: 0m 47s
Epoch 13/20
  Train Loss: 2.0761  Acc: 0.6003
  Val   Loss: 3.2563  Acc: 0.3392
  Time: 0m 47s
Epoch 14/20
  Train Loss: 2.0648  Acc: 0.5991
  Val   Loss: 3.2954  Acc: 0.3382
  Time: 0m 47s
Epoch 15/20
  Train Loss: 2.0104  Acc: 0.6105
  Val   Loss: 3.2971  Acc: 0.3380
  Time: 0m 47s
Epoch 16/20
  Train Loss: 1.9973  Acc: 0.6178
  Val   Loss: 3.2500  Acc: 0.3445
  Time: 0m 47s
Epoch 17/20
  Train Loss: 1.9809  Acc: 0.6212
  Val   Loss: 3.2650  Acc: 0.3407
  Time: 0m 47s
Epoch 18/20
  Train Loss: 1.9900  Acc: 0.6168
  Val   Loss: 3.2658  Acc: 0.3380
  Time: 0m 47s
Epoch 19/20
  Train Loss: 1.9883  Acc: 0.6164
  Val   Loss: 3.2782  Acc: 0.3380
  Time: 0m 47s
Epoch 20/20
  Train Loss: 1.9800  Acc: 0.6266
  Val   Loss: 3.2636  Acc: 0.3397
  Time: 0m 47s
===== Training Start =====
Device: cuda
Batch Size: 64, LR: 0.001, Epochs: 10
Input: ./dataset/Dark-ImageNet-subset-v2/naive-0.1, ./dataset/Dark-ImageNet-subset-v2-edge/rcf/naive-0.1
Epoch 1/10
  Train Loss: 7.2842  Acc: 0.0127
  Val   Loss: 5.9333  Acc: 0.0615
  Time: 1m 6s
Epoch 2/10
  Train Loss: 5.4076  Acc: 0.1044
  Val   Loss: 4.9761  Acc: 0.1477
  Time: 1m 6s
Epoch 3/10
  Train Loss: 4.4506  Acc: 0.2065
  Val   Loss: 4.4054  Acc: 0.2000
  Time: 1m 5s
Epoch 4/10
  Train Loss: 3.8575  Acc: 0.2795
  Val   Loss: 4.1879  Acc: 0.2293
  Time: 1m 6s
Epoch 5/10
  Train Loss: 3.4611  Acc: 0.3267
  Val   Loss: 4.0403  Acc: 0.2462
  Time: 1m 6s
Epoch 6/10
  Train Loss: 3.1547  Acc: 0.3723
  Val   Loss: 3.9113  Acc: 0.2592
  Time: 1m 6s
Epoch 7/10
  Train Loss: 2.8983  Acc: 0.4057
  Val   Loss: 3.9391  Acc: 0.2580
  Time: 1m 6s
Epoch 8/10
  Train Loss: 2.2705  Acc: 0.5470
  Val   Loss: 3.3270  Acc: 0.3345
  Time: 1m 6s
Epoch 9/10
  Train Loss: 2.1460  Acc: 0.5843
  Val   Loss: 3.3295  Acc: 0.3297
  Time: 1m 6s
Epoch 10/10
  Train Loss: 2.1355  Acc: 0.5865
  Val   Loss: 3.2874  Acc: 0.3380
  Time: 1m 6s
===== Training Start =====
Device: cuda
Batch Size: 64, LR: 0.001, Epochs: 10
Input: ./dataset/Dark-ImageNet-subset-v2/naive-0.1, ./dataset/Dark-ImageNet-subset-v2-edge/sobel/naive-0.1
Epoch 1/10
  Train Loss: 7.2195  Acc: 0.0150
  Val   Loss: 5.7495  Acc: 0.0740
  Time: 0m 48s
Epoch 2/10

Results on ImageNet-S naive-0.1 val set:
  Total images: 4000
  Top-1 Accuracy: 34.45%
  Top-5 Accuracy: 58.33%
  Train Loss: 5.2194  Acc: 0.1241
  Val   Loss: 4.8042  Acc: 0.1595
  Time: 0m 53s
Epoch 3/10
  Train Loss: 4.2438  Acc: 0.2275
  Val   Loss: 4.3209  Acc: 0.2130
  Time: 0m 47s
Epoch 4/10
  Train Loss: 3.6518  Acc: 0.3047
  Val   Loss: 4.1374  Acc: 0.2422
  Time: 0m 47s
Epoch 5/10
  Train Loss: 3.2758  Acc: 0.3500
  Val   Loss: 3.9628  Acc: 0.2550
  Time: 0m 53s
Epoch 6/10
  Train Loss: 2.9739  Acc: 0.3970
  Val   Loss: 3.9392  Acc: 0.2677
  Time: 0m 47s
Epoch 7/10
  Train Loss: 2.7530  Acc: 0.4285
  Val   Loss: 3.8117  Acc: 0.2787
  Time: 0m 47s
Epoch 8/10
  Train Loss: 2.1304  Acc: 0.5754
  Val   Loss: 3.2869  Acc: 0.3417
  Time: 0m 47s
Epoch 9/10
  Train Loss: 1.9961  Acc: 0.6128
  Val   Loss: 3.2720  Acc: 0.3415
  Time: 0m 47s
Epoch 10/10
  Train Loss: 1.9431  Acc: 0.6198
  Val   Loss: 3.2738  Acc: 0.3392
  Time: 0m 49s
===== Training Start =====
Device: cuda
Batch Size: 64, LR: 0.001, Epochs: 10
Input: ./dataset/Dark-ImageNet-subset-v2/naive-0.1, ./dataset/Dark-ImageNet-subset-v2-edge/rcf/naive-0.1
Epoch 1/10
  Train Loss: 7.2903  Acc: 0.0132
  Val   Loss: 5.9697  Acc: 0.0558
  Time: 0m 56s
Epoch 2/10
  Train Loss: 5.4342  Acc: 0.1079
  Val   Loss: 4.9726  Acc: 0.1477
  Time: 0m 55s
Epoch 3/10
  Train Loss: 4.4406  Acc: 0.2067
  Val   Loss: 4.5253  Acc: 0.1875
  Time: 0m 55s
Epoch 4/10
  Train Loss: 3.8455  Acc: 0.2772
  Val   Loss: 4.2126  Acc: 0.2250
  Time: 0m 55s
Epoch 5/10
  Train Loss: 3.4624  Acc: 0.3294
  Val   Loss: 4.0515  Acc: 0.2430
  Time: 0m 56s
Epoch 6/10
  Train Loss: 3.1802  Acc: 0.3659
  Val   Loss: 3.9517  Acc: 0.2562
  Time: 0m 56s
Epoch 7/10
  Train Loss: 2.8962  Acc: 0.4090
  Val   Loss: 3.9109  Acc: 0.2645
  Time: 0m 55s
Epoch 8/10
  Train Loss: 2.2997  Acc: 0.5423
  Val   Loss: 3.3171  Acc: 0.3402
  Time: 0m 55s
Epoch 9/10
  Train Loss: 2.1226  Acc: 0.5903
  Val   Loss: 3.3345  Acc: 0.3382
  Time: 0m 56s
Epoch 10/10
  Train Loss: 2.1316  Acc: 0.5897
  Val   Loss: 3.3190  Acc: 0.3370
  Time: 0m 55s
===== Training Start =====
Device: cuda
Batch Size: 64, LR: 0.001, Epochs: 10
Input: ./dataset/Dark-ImageNet-subset-v2/naive-0.1, ./dataset/Dark-ImageNet-subset-v2-edge/hed/naive-0.1
Epoch 1/10
  Train Loss: 7.4059  Acc: 0.0084
  Val   Loss: 6.1906  Acc: 0.0447
  Time: 1m 13s
Epoch 2/10
  Train Loss: 5.6800  Acc: 0.0858
  Val   Loss: 5.2605  Acc: 0.1138
  Time: 1m 2s
Epoch 3/10
  Train Loss: 4.7718  Acc: 0.1705
  Val   Loss: 4.6872  Acc: 0.1735
  Time: 0m 55s
Epoch 4/10
  Train Loss: 4.1729  Acc: 0.2402
  Val   Loss: 4.3843  Acc: 0.2008
  Time: 0m 56s
Epoch 5/10
  Train Loss: 3.7515  Acc: 0.2973
  Val   Loss: 4.2354  Acc: 0.2177
  Time: 0m 55s
Epoch 6/10
  Train Loss: 3.4861  Acc: 0.3269
  Val   Loss: 4.0614  Acc: 0.2343
  Time: 0m 55s
Epoch 7/10
  Train Loss: 3.2948  Acc: 0.3564
  Val   Loss: 3.9881  Acc: 0.2492
  Time: 0m 56s
Epoch 8/10
  Train Loss: 2.5792  Acc: 0.5017
  Val   Loss: 3.4258  Acc: 0.3250
  Time: 0m 55s
Epoch 9/10
  Train Loss: 2.4659  Acc: 0.5272
  Val   Loss: 3.4241  Acc: 0.3220
  Time: 0m 55s
Epoch 10/10
  Train Loss: 2.4238  Acc: 0.5371
  Val   Loss: 3.4171  Acc: 0.3252
  Time: 0m 54s
===== Training Start =====
Device: cuda
Batch Size: 64, LR: 0.001, Epochs: 10
Input: ./dataset/Dark-ImageNet-subset-v2/naive-0.1, ./dataset/Dark-ImageNet-subset-v2-edge/sobel/naive-default
Epoch 1/10
  Train Loss: 7.0007  Acc: 0.0249
  Val   Loss: 5.3793  Acc: 0.0995
  Time: 1m 18s
Epoch 2/10
  Train Loss: 4.7201  Acc: 0.1752
  Val   Loss: 4.2665  Acc: 0.2077
  Time: 0m 59s
Epoch 3/10
  Train Loss: 3.6799  Acc: 0.3023
  Val   Loss: 3.8268  Acc: 0.2682
  Time: 0m 59s
Epoch 4/10
  Train Loss: 3.0305  Acc: 0.3849
  Val   Loss: 3.5721  Acc: 0.3033
  Time: 0m 59s
Epoch 5/10
  Train Loss: 2.6720  Acc: 0.4458
  Val   Loss: 3.4361  Acc: 0.3200
  Time: 0m 59s
Epoch 6/10
  Train Loss: 2.4022  Acc: 0.4881
  Val   Loss: 3.3884  Acc: 0.3240
  Time: 0m 58s
Epoch 7/10
  Train Loss: 2.2120  Acc: 0.5180
  Val   Loss: 3.3878  Acc: 0.3435
  Time: 0m 60s
Epoch 8/10
  Train Loss: 1.6366  Acc: 0.6631
  Val   Loss: 2.8687  Acc: 0.3972
  Time: 0m 60s
Epoch 9/10
  Train Loss: 1.4965  Acc: 0.7017
  Val   Loss: 2.8574  Acc: 0.3985
  Time: 0m 59s
Epoch 10/10
  Train Loss: 1.4953  Acc: 0.7039
  Val   Loss: 2.8769  Acc: 0.3950
  Time: 0m 59s
===== Training Start =====
Device: cuda
Batch Size: 64, LR: 0.001, Epochs: 10
Input: ./dataset/Dark-ImageNet-subset-v2/naive-0.1, ./dataset/imagenet-1k-subset-v2-edge/sobel
Epoch 1/10
  Train Loss: 6.8807  Acc: 0.0288
  Val   Loss: 5.1169  Acc: 0.1388
  Time: 1m 10s
Epoch 2/10
  Train Loss: 4.4578  Acc: 0.2039
  Val   Loss: 4.0025  Acc: 0.2367
  Time: 1m 3s
Epoch 3/10
  Train Loss: 3.3751  Acc: 0.3395
  Val   Loss: 3.5778  Acc: 0.2885
  Time: 1m 0s
Epoch 4/10
  Train Loss: 2.7853  Acc: 0.4248
  Val   Loss: 3.3697  Acc: 0.3215
  Time: 1m 2s
Epoch 5/10
  Train Loss: 2.4341  Acc: 0.4803
  Val   Loss: 3.2204  Acc: 0.3455
  Time: 1m 1s
Epoch 6/10
  Train Loss: 2.1755  Acc: 0.5202
  Val   Loss: 3.2076  Acc: 0.3475
  Time: 1m 2s
Epoch 7/10
  Train Loss: 1.9232  Acc: 0.5693
  Val   Loss: 3.1442  Acc: 0.3668
  Time: 1m 2s
Epoch 8/10
  Train Loss: 1.4200  Acc: 0.7063
  Val   Loss: 2.6883  Acc: 0.4268
  Time: 0m 60s
Epoch 9/10
  Train Loss: 1.2946  Acc: 0.7445
  Val   Loss: 2.6655  Acc: 0.4305
  Time: 1m 1s
Epoch 10/10
  Train Loss: 1.2574  Acc: 0.7549
  Val   Loss: 2.6633  Acc: 0.4313
  Time: 1m 2s
===== Training Start =====
Device: cuda
Batch Size: 64, LR: 0.001, Epochs: 10
Input: ./dataset/Dark-ImageNet-subset-v2/naive-0.1, ./dataset/imagenet-1k-subset-v2-edge/sobel
Epoch 1/10
  Train Loss: 6.8746  Acc: 0.0301
  Val   Loss: 5.1709  Acc: 0.1232
  Time: 1m 15s
Epoch 2/10
  Train Loss: 4.4486  Acc: 0.2018
  Val   Loss: 4.0168  Acc: 0.2377
  Time: 1m 14s
Epoch 3/10
  Train Loss: 3.4032  Acc: 0.3339
  Val   Loss: 3.6000  Acc: 0.2908
  Time: 1m 15s
Epoch 4/10
  Train Loss: 2.7939  Acc: 0.4272
  Val   Loss: 3.3428  Acc: 0.3265
  Time: 1m 14s
Epoch 5/10
  Train Loss: 2.4243  Acc: 0.4840
  Val   Loss: 3.2358  Acc: 0.3420
  Time: 1m 14s
Epoch 6/10
  Train Loss: 2.1294  Acc: 0.5329
  Val   Loss: 3.1858  Acc: 0.3503
  Time: 1m 14s
Epoch 7/10
  Train Loss: 1.9441  Acc: 0.5638
  Val   Loss: 3.1875  Acc: 0.3610
  Time: 1m 15s
Epoch 8/10
  Train Loss: 1.4287  Acc: 0.7049
  Val   Loss: 2.6922  Acc: 0.4240
  Time: 1m 15s
Epoch 9/10
  Train Loss: 1.2927  Acc: 0.7424
  Val   Loss: 2.6782  Acc: 0.4330
  Time: 1m 14s
Epoch 10/10
  Train Loss: 1.2889  Acc: 0.7449
  Val   Loss: 2.6803  Acc: 0.4298
  Time: 1m 14s
